#! /usr/bin/vvp
:ivl_version "11.0 (stable)";
:ivl_delay_selection "TYPICAL";
:vpi_time_precision + 0;
:vpi_module "/usr/lib/x86_64-linux-gnu/ivl/system.vpi";
:vpi_module "/usr/lib/x86_64-linux-gnu/ivl/vhdl_sys.vpi";
:vpi_module "/usr/lib/x86_64-linux-gnu/ivl/vhdl_textio.vpi";
:vpi_module "/usr/lib/x86_64-linux-gnu/ivl/v2005_math.vpi";
:vpi_module "/usr/lib/x86_64-linux-gnu/ivl/va_math.vpi";
S_0x562922c48b20 .scope module, "cal" "cal" 2 1;
 .timescale 0 0;
    .port_info 0 /OUTPUT 1 "out";
    .port_info 1 /OUTPUT 1 "c_out";
    .port_info 2 /INPUT 1 "a";
    .port_info 3 /INPUT 1 "b";
    .port_info 4 /INPUT 1 "arit";
    .port_info 5 /INPUT 1 "c_in";
    .port_info 6 /INPUT 2 "s";
o0x7f64e9554258 .functor BUFZ 1, C4<z>; HiZ drive
v0x562922c69bd0_0 .net "a", 0 0, o0x7f64e9554258;  0 drivers
o0x7f64e95546a8 .functor BUFZ 1, C4<z>; HiZ drive
v0x562922c69ce0_0 .net "arit", 0 0, o0x7f64e95546a8;  0 drivers
o0x7f64e9554288 .functor BUFZ 1, C4<z>; HiZ drive
v0x562922c69da0_0 .net "b", 0 0, o0x7f64e9554288;  0 drivers
o0x7f64e95544f8 .functor BUFZ 1, C4<z>; HiZ drive
v0x562922c69e90_0 .net "c_in", 0 0, o0x7f64e95544f8;  0 drivers
v0x562922c69f30_0 .net "c_out", 0 0, L_0x562922c6b010;  1 drivers
v0x562922c6a020_0 .net "cl_out", 0 0, v0x562922c67e30_0;  1 drivers
v0x562922c6a0c0_0 .net "fa_1_out", 0 0, L_0x562922c6b100;  1 drivers
v0x562922c6a1b0_0 .net "out", 0 0, L_0x562922c6b870;  1 drivers
o0x7f64e9554108 .functor BUFZ 2, C4<zz>; HiZ drive
v0x562922c6a250_0 .net "s", 1 0, o0x7f64e9554108;  0 drivers
S_0x562922c4b680 .scope module, "cl_1" "cl" 2 4, 3 1 0, S_0x562922c48b20;
 .timescale 0 0;
    .port_info 0 /OUTPUT 1 "out";
    .port_info 1 /INPUT 1 "a";
    .port_info 2 /INPUT 1 "b";
    .port_info 3 /INPUT 2 "s";
L_0x562922c6abc0 .functor AND 1, o0x7f64e9554258, o0x7f64e9554288, C4<1>, C4<1>;
L_0x562922c6acc0 .functor OR 1, o0x7f64e9554258, o0x7f64e9554288, C4<0>, C4<0>;
L_0x562922c6aec0 .functor XOR 1, o0x7f64e9554258, o0x7f64e9554288, C4<0>, C4<0>;
L_0x562922c6af50 .functor NOT 1, o0x7f64e9554258, C4<0>, C4<0>, C4<0>;
v0x562922c680e0_0 .net "a", 0 0, o0x7f64e9554258;  alias, 0 drivers
v0x562922c681c0_0 .net "b", 0 0, o0x7f64e9554288;  alias, 0 drivers
v0x562922c68280_0 .net "out", 0 0, v0x562922c67e30_0;  alias, 1 drivers
v0x562922c68320_0 .net "result1", 0 0, L_0x562922c6abc0;  1 drivers
v0x562922c683f0_0 .net "result2", 0 0, L_0x562922c6acc0;  1 drivers
v0x562922c684e0_0 .net "result3", 0 0, L_0x562922c6aec0;  1 drivers
v0x562922c685b0_0 .net "result4", 0 0, L_0x562922c6af50;  1 drivers
v0x562922c68680_0 .net "s", 1 0, o0x7f64e9554108;  alias, 0 drivers
S_0x562922c4c6d0 .scope module, "mux4a1" "mux4_1" 3 13, 4 1 0, S_0x562922c4b680;
 .timescale 0 0;
    .port_info 0 /OUTPUT 1 "out";
    .port_info 1 /INPUT 1 "a";
    .port_info 2 /INPUT 1 "b";
    .port_info 3 /INPUT 1 "c";
    .port_info 4 /INPUT 1 "d";
    .port_info 5 /INPUT 2 "s";
v0x562922c4c8e0_0 .net "a", 0 0, L_0x562922c6abc0;  alias, 1 drivers
v0x562922c67c10_0 .net "b", 0 0, L_0x562922c6acc0;  alias, 1 drivers
v0x562922c67cd0_0 .net "c", 0 0, L_0x562922c6aec0;  alias, 1 drivers
v0x562922c67d70_0 .net "d", 0 0, L_0x562922c6af50;  alias, 1 drivers
v0x562922c67e30_0 .var "out", 0 0;
v0x562922c67f40_0 .net "s", 1 0, o0x7f64e9554108;  alias, 0 drivers
E_0x562922c32180/0 .event edge, v0x562922c67f40_0, v0x562922c67d70_0, v0x562922c67cd0_0, v0x562922c67c10_0;
E_0x562922c32180/1 .event edge, v0x562922c4c8e0_0;
E_0x562922c32180 .event/or E_0x562922c32180/0, E_0x562922c32180/1;
S_0x562922c68780 .scope module, "fa" "fa_1" 2 5, 5 1 0, S_0x562922c48b20;
 .timescale 0 0;
    .port_info 0 /OUTPUT 1 "cout";
    .port_info 1 /OUTPUT 1 "sum";
    .port_info 2 /INPUT 1 "a";
    .port_info 3 /INPUT 1 "b";
    .port_info 4 /INPUT 1 "cin";
L_0x7f64e950b060 .functor BUFT 1, C4<0>, C4<0>, C4<0>, C4<0>;
v0x562922c689e0_0 .net *"_ivl_10", 0 0, L_0x7f64e950b060;  1 drivers
v0x562922c68aa0_0 .net *"_ivl_11", 1 0, L_0x562922c6b400;  1 drivers
v0x562922c68b80_0 .net *"_ivl_13", 1 0, L_0x562922c6b5b0;  1 drivers
L_0x7f64e950b0a8 .functor BUFT 1, C4<0>, C4<0>, C4<0>, C4<0>;
v0x562922c68c70_0 .net *"_ivl_16", 0 0, L_0x7f64e950b0a8;  1 drivers
v0x562922c68d50_0 .net *"_ivl_17", 1 0, L_0x562922c6b730;  1 drivers
v0x562922c68e80_0 .net *"_ivl_3", 1 0, L_0x562922c6b1f0;  1 drivers
L_0x7f64e950b018 .functor BUFT 1, C4<0>, C4<0>, C4<0>, C4<0>;
v0x562922c68f60_0 .net *"_ivl_6", 0 0, L_0x7f64e950b018;  1 drivers
v0x562922c69040_0 .net *"_ivl_7", 1 0, L_0x562922c6b2e0;  1 drivers
v0x562922c69120_0 .net "a", 0 0, o0x7f64e9554258;  alias, 0 drivers
v0x562922c69250_0 .net "b", 0 0, o0x7f64e9554288;  alias, 0 drivers
v0x562922c69320_0 .net "cin", 0 0, o0x7f64e95544f8;  alias, 0 drivers
v0x562922c693c0_0 .net "cout", 0 0, L_0x562922c6b010;  alias, 1 drivers
v0x562922c69460_0 .net "sum", 0 0, L_0x562922c6b100;  alias, 1 drivers
L_0x562922c6b010 .part L_0x562922c6b730, 1, 1;
L_0x562922c6b100 .part L_0x562922c6b730, 0, 1;
L_0x562922c6b1f0 .concat [ 1 1 0 0], o0x7f64e9554258, L_0x7f64e950b018;
L_0x562922c6b2e0 .concat [ 1 1 0 0], o0x7f64e9554288, L_0x7f64e950b060;
L_0x562922c6b400 .arith/sum 2, L_0x562922c6b1f0, L_0x562922c6b2e0;
L_0x562922c6b5b0 .concat [ 1 1 0 0], o0x7f64e95544f8, L_0x7f64e950b0a8;
L_0x562922c6b730 .arith/sum 2, L_0x562922c6b400, L_0x562922c6b5b0;
S_0x562922c695f0 .scope module, "mux" "mux2_1" 2 7, 6 1 0, S_0x562922c48b20;
 .timescale 0 0;
    .port_info 0 /OUTPUT 1 "out";
    .port_info 1 /INPUT 1 "a";
    .port_info 2 /INPUT 1 "b";
    .port_info 3 /INPUT 1 "s";
v0x562922c69820_0 .net "a", 0 0, v0x562922c67e30_0;  alias, 1 drivers
v0x562922c69910_0 .net "b", 0 0, L_0x562922c6b100;  alias, 1 drivers
v0x562922c699d0_0 .net "out", 0 0, L_0x562922c6b870;  alias, 1 drivers
v0x562922c69aa0_0 .net "s", 0 0, o0x7f64e95546a8;  alias, 0 drivers
L_0x562922c6b870 .functor MUXZ 1, v0x562922c67e30_0, L_0x562922c6b100, o0x7f64e95546a8, C4<>;
S_0x562922c48d60 .scope module, "compl1" "compl1" 7 1;
 .timescale 0 0;
    .port_info 0 /OUTPUT 4 "Sal";
    .port_info 1 /INPUT 4 "Ent";
    .port_info 2 /INPUT 1 "cpl";
o0x7f64e95548e8 .functor BUFZ 4, C4<zzzz>; HiZ drive
L_0x562922c6b4a0 .functor NOT 4, o0x7f64e95548e8, C4<0000>, C4<0000>, C4<0000>;
v0x562922c6a3c0_0 .net "Ent", 3 0, o0x7f64e95548e8;  0 drivers
v0x562922c6a4c0_0 .net "Sal", 3 0, L_0x562922c6bad0;  1 drivers
v0x562922c6a5a0_0 .net *"_ivl_0", 3 0, L_0x562922c6b4a0;  1 drivers
o0x7f64e9554978 .functor BUFZ 1, C4<z>; HiZ drive
v0x562922c6a660_0 .net "cpl", 0 0, o0x7f64e9554978;  0 drivers
L_0x562922c6bad0 .functor MUXZ 4, o0x7f64e95548e8, L_0x562922c6b4a0, o0x7f64e9554978, C4<>;
S_0x562922c4b480 .scope module, "mux2_4" "mux2_4" 8 1;
 .timescale 0 0;
    .port_info 0 /OUTPUT 4 "out";
    .port_info 1 /INPUT 4 "a";
    .port_info 2 /INPUT 4 "b";
    .port_info 3 /INPUT 1 "s";
o0x7f64e9554a38 .functor BUFZ 4, C4<zzzz>; HiZ drive
v0x562922c6a7a0_0 .net "a", 3 0, o0x7f64e9554a38;  0 drivers
o0x7f64e9554a68 .functor BUFZ 4, C4<zzzz>; HiZ drive
v0x562922c6a880_0 .net "b", 3 0, o0x7f64e9554a68;  0 drivers
v0x562922c6a960_0 .net "out", 3 0, L_0x562922c6bb70;  1 drivers
o0x7f64e9554ac8 .functor BUFZ 1, C4<z>; HiZ drive
v0x562922c6aa50_0 .net "s", 0 0, o0x7f64e9554ac8;  0 drivers
L_0x562922c6bb70 .functor MUXZ 4, o0x7f64e9554a38, o0x7f64e9554a68, o0x7f64e9554ac8, C4<>;
    .scope S_0x562922c4c6d0;
T_0 ;
    %wait E_0x562922c32180;
    %load/vec4 v0x562922c67f40_0;
    %dup/vec4;
    %pushi/vec4 0, 0, 2;
    %cmp/u;
    %jmp/1 T_0.0, 6;
    %dup/vec4;
    %pushi/vec4 1, 0, 2;
    %cmp/u;
    %jmp/1 T_0.1, 6;
    %dup/vec4;
    %pushi/vec4 2, 0, 2;
    %cmp/u;
    %jmp/1 T_0.2, 6;
    %dup/vec4;
    %pushi/vec4 3, 0, 2;
    %cmp/u;
    %jmp/1 T_0.3, 6;
    %jmp T_0.4;
T_0.0 ;
    %load/vec4 v0x562922c4c8e0_0;
    %store/vec4 v0x562922c67e30_0, 0, 1;
    %jmp T_0.4;
T_0.1 ;
    %load/vec4 v0x562922c67c10_0;
    %store/vec4 v0x562922c67e30_0, 0, 1;
    %jmp T_0.4;
T_0.2 ;
    %load/vec4 v0x562922c67cd0_0;
    %store/vec4 v0x562922c67e30_0, 0, 1;
    %jmp T_0.4;
T_0.3 ;
    %load/vec4 v0x562922c67d70_0;
    %store/vec4 v0x562922c67e30_0, 0, 1;
    %jmp T_0.4;
T_0.4 ;
    %pop/vec4 1;
    %jmp T_0;
    .thread T_0, $push;
# The file index is used to find the file name in the following table.
:file_names 9;
    "N/A";
    "<interactive>";
    "cal.v";
    "cl.v";
    "mux4_1.v";
    "fa_1.v";
    "mux2_1.v";
    "compl1.v";
    "mux2_4.v";
